0 info it worked if it ends with ok
1 verbose cli [ '/Users/matthewgonzalez/.nvm/versions/node/v5.0.0/bin/node',
1 verbose cli   '/Users/matthewgonzalez/.nvm/versions/node/v5.0.0/bin/npm',
1 verbose cli   'install' ]
2 info using npm@3.3.6
3 info using node@v5.0.0
4 silly loadCurrentTree Starting
5 silly install loadCurrentTree
6 silly install readLocalPackageData
7 silly install normalizeTree
8 silly loadCurrentTree Finishing
9 silly loadIdealTree Starting
10 silly install loadIdealTree
11 silly cloneCurrentTree Starting
12 silly install cloneCurrentTreeToIdealTree
13 silly cloneCurrentTree Finishing
14 silly loadShrinkwrap Starting
15 silly install loadShrinkwrap
16 silly loadShrinkwrap Finishing
17 silly loadAllDepsIntoIdealTree Starting
18 silly install loadAllDepsIntoIdealTree
19 verbose stack TypeError: Cannot read property 'localeCompare' of undefined
19 verbose stack     at installOrder (/Users/matthewgonzalez/.nvm/versions/node/v5.0.0/lib/node_modules/npm/lib/install/deps.js:241:32)
19 verbose stack     at Array.sort (native)
19 verbose stack     at /Users/matthewgonzalez/.nvm/versions/node/v5.0.0/lib/node_modules/npm/lib/install/deps.js:240:27
19 verbose stack     at cb (/Users/matthewgonzalez/.nvm/versions/node/v5.0.0/lib/node_modules/npm/node_modules/slide/lib/async-map.js:47:24)
19 verbose stack     at resolveWithExistingModule (/Users/matthewgonzalez/.nvm/versions/node/v5.0.0/lib/node_modules/npm/lib/install/deps.js:377:3)
19 verbose stack     at /Users/matthewgonzalez/.nvm/versions/node/v5.0.0/lib/node_modules/npm/lib/install/deps.js:347:5
19 verbose stack     at /Users/matthewgonzalez/.nvm/versions/node/v5.0.0/lib/node_modules/npm/node_modules/slide/lib/async-map.js:52:35
19 verbose stack     at Array.forEach (native)
19 verbose stack     at /Users/matthewgonzalez/.nvm/versions/node/v5.0.0/lib/node_modules/npm/node_modules/slide/lib/async-map.js:52:11
19 verbose stack     at Array.forEach (native)
20 verbose cwd /Users/matthewgonzalez/Repos/2017/fontplop
21 error Darwin 16.7.0
22 error argv "/Users/matthewgonzalez/.nvm/versions/node/v5.0.0/bin/node" "/Users/matthewgonzalez/.nvm/versions/node/v5.0.0/bin/npm" "install"
23 error node v5.0.0
24 error npm  v3.3.6
25 error Cannot read property 'localeCompare' of undefined
26 error If you need help, you may report this error at:
26 error     <https://github.com/npm/npm/issues>
27 verbose exit [ 1, true ]
